<?xml version="1.0" encoding="UTF-8"?>
<!-- Generated by org.testng.reporters.JUnitReportReporter -->
<testsuite hostname="LAPTOP-01S1HV8A" failures="0" tests="1" name="Section17.SuperKeywordUsage" time="0.016" errors="0" timestamp="2025-01-18T02:51:06 IST" skipped="0">
  <testcase classname="Section17.SuperKeywordUsage" name="execution" time="0.016"/>
  <system-out/>
</testsuite> <!-- Section17.SuperKeywordUsage -->
