<?xml version="1.0" encoding="UTF-8"?>
<!-- Generated by org.testng.reporters.JUnitReportReporter -->
<testsuite hostname="LAPTOP-01S1HV8A" failures="0" tests="2" name="TestNG.parallelExecution2" time="0.014" errors="0" timestamp="2025-02-21T00:59:18 IST" skipped="0">
  <testcase classname="TestNG.parallelExecution2" name="method15" time="0.004"/>
  <system-out/>
  <testcase classname="TestNG.parallelExecution2" name="method14" time="0.010"/>
  <system-out/>
</testsuite> <!-- TestNG.parallelExecution2 -->
