<?xml version="1.0" encoding="UTF-8"?>
<!-- Generated by org.testng.reporters.JUnitReportReporter -->
<testsuite hostname="LAPTOP-01S1HV8A" failures="0" tests="4" name="TestNG.Dataprovider" time="0.015" errors="0" timestamp="2025-01-10T03:11:08 IST" skipped="0">
  <testcase classname="TestNG.Dataprovider" name="method12" time="0.003"/>
  <system-out/>
  <testcase classname="TestNG.Dataprovider" name="method11" time="0.009"/>
  <system-out/>
  <testcase classname="TestNG.Dataprovider" name="method11" time="0.002"/>
  <system-out/>
  <testcase classname="TestNG.Dataprovider" name="method11" time="0.001"/>
  <system-out/>
</testsuite> <!-- TestNG.Dataprovider -->
