<?xml version="1.0" encoding="UTF-8"?>
<!-- Generated by org.testng.reporters.JUnitReportReporter -->
<testsuite hostname="LAPTOP-01S1HV8A" failures="0" tests="1" name="TestNG.TestCase_Regex" time="0.010" errors="0" timestamp="2025-02-21T01:05:01 IST" skipped="0">
  <testcase classname="TestNG.TestCase_Regex" name="WebloginCarLoan" time="0.010"/>
  <system-out/>
</testsuite> <!-- TestNG.TestCase_Regex -->
