<?xml version="1.0" encoding="UTF-8"?>
<!-- Generated by org.testng.reporters.JUnitReportReporter -->
<testsuite hostname="LAPTOP-01S1HV8A" failures="0" tests="1" name="TestNG.GroupBy" time="0.010" errors="0" timestamp="2025-02-21T00:36:03 IST" skipped="0">
  <testcase classname="TestNG.GroupBy" name="method11" time="0.010"/>
  <system-out/>
</testsuite> <!-- TestNG.GroupBy -->
