<?xml version="1.0" encoding="UTF-8"?>
<!-- Generated by org.testng.reporters.JUnitReportReporter -->
<testsuite hostname="LAPTOP-01S1HV8A" failures="0" tests="3" name="TestNG.Annotations2_" time="0.029" errors="0" timestamp="2025-02-19T02:37:08 IST" skipped="0">
  <testcase classname="TestNG.Annotations2_" name="method13" time="0.013"/>
  <system-out/>
  <testcase classname="TestNG.Annotations2_" name="method12" time="0.008"/>
  <system-out/>
  <testcase classname="TestNG.Annotations2_" name="method14" time="0.008"/>
  <system-out/>
</testsuite> <!-- TestNG.Annotations2_ -->
