<?xml version="1.0" encoding="UTF-8"?>
<!-- Generated by org.testng.reporters.JUnitReportReporter -->
<testsuite hostname="LAPTOP-01S1HV8A" failures="0" tests="2" name="TestNG.Listenerclass" time="0.015" errors="0" timestamp="2025-02-21T00:52:36 IST" skipped="0">
  <testcase classname="TestNG.Listenerclass" name="method12" time="0.003"/>
  <system-out/>
  <testcase classname="TestNG.Listenerclass" name="method11" time="0.012"/>
  <system-out/>
</testsuite> <!-- TestNG.Listenerclass -->
