<?xml version="1.0" encoding="UTF-8"?>
<!-- Generated by org.testng.reporters.JUnitReportReporter -->
<testsuite hostname="LAPTOP-01S1HV8A" failures="0" tests="1" name="TestNG.Annotation1_" time="0.007" errors="0" timestamp="2025-02-21T00:34:25 IST" skipped="0">
  <testcase classname="TestNG.Annotation1_" name="method2" time="0.007"/>
  <system-out/>
</testsuite> <!-- TestNG.Annotation1_ -->
