<?xml version="1.0" encoding="UTF-8"?>
<!-- Generated by org.testng.reporters.JUnitReportReporter -->
<testsuite hostname="LAPTOP-01S1HV8A" failures="0" tests="4" name="TestNG.HelperAttribute" time="0.017" errors="0" timestamp="2025-02-21T01:41:58 IST" skipped="1">
  <testcase classname="TestNG.HelperAttribute" name="Method13" time="0.001"/>
  <system-out/>
  <testcase classname="TestNG.HelperAttribute" name="Method12" time="0.010"/>
  <system-out/>
  <testcase classname="TestNG.HelperAttribute" name="Method14" time="0.006"/>
  <system-out/>
  <testcase classname="TestNG.HelperAttribute" name="Method11">
    <skipped/>
  </testcase> <!-- Method11 -->
  <system-out/>
</testsuite> <!-- TestNG.HelperAttribute -->
