<?xml version="1.0" encoding="UTF-8"?>
<!-- Generated by org.testng.reporters.JUnitReportReporter -->
<testsuite hostname="LAPTOP-01S1HV8A" failures="0" tests="2" name="TestNG.Day02" time="0.003" errors="0" timestamp="2024-12-31T01:16:04 IST" skipped="0">
  <testcase classname="TestNG.Day02" name="WebloginCarLoan" time="0.001"/>
  <system-out/>
  <testcase classname="TestNG.Day02" name="MobileLoginCarLoan" time="0.002"/>
  <system-out/>
</testsuite> <!-- TestNG.Day02 -->
