<?xml version="1.0" encoding="UTF-8"?>
<!-- Generated by org.testng.reporters.JUnitReportReporter -->
<testsuite hostname="LAPTOP-01S1HV8A" failures="0" tests="1" name="Section17.SetValuesBYParameterizedConstructor11" time="0.015" errors="0" timestamp="2025-01-14T01:45:23 IST" skipped="0">
  <testcase classname="Section17.SetValuesBYParameterizedConstructor11" name="Result" time="0.015"/>
  <system-out/>
</testsuite> <!-- Section17.SetValuesBYParameterizedConstructor11 -->
