<?xml version="1.0" encoding="UTF-8"?>
<!-- Generated by org.testng.reporters.JUnitReportReporter -->
<testsuite hostname="LAPTOP-01S1HV8A" failures="0" tests="3" name="TestNG.parallelExecution" time="0.016" errors="0" timestamp="2025-02-21T00:59:18 IST" skipped="0">
  <testcase classname="TestNG.parallelExecution" name="method13" time="0.002"/>
  <system-out/>
  <testcase classname="TestNG.parallelExecution" name="method12" time="0.004"/>
  <system-out/>
  <testcase classname="TestNG.parallelExecution" name="method11" time="0.010"/>
  <system-out/>
</testsuite> <!-- TestNG.parallelExecution -->
