<?xml version="1.0" encoding="UTF-8"?>
<!-- Generated by org.testng.reporters.JUnitReportReporter -->
<testsuite hostname="LAPTOP-01S1HV8A" failures="0" tests="1" name="TestNG.Annotations1" time="0.002" errors="0" timestamp="2025-02-21T00:34:25 IST" skipped="0">
  <testcase classname="TestNG.Annotations1" name="method1" time="0.002"/>
  <system-out/>
</testsuite> <!-- TestNG.Annotations1 -->
