<?xml version="1.0" encoding="UTF-8"?>
<!-- Generated by org.testng.reporters.JUnitReportReporter -->
<testsuite hostname="LAPTOP-01S1HV8A" failures="0" tests="1" name="TestNG.Annotations2" time="0.012" errors="0" timestamp="2025-02-19T02:37:08 IST" skipped="0">
  <testcase classname="TestNG.Annotations2" name="method11" time="0.012"/>
  <system-out/>
</testsuite> <!-- TestNG.Annotations2 -->
